0 info it worked if it ends with ok
1 verbose cli [ 'node',
1 verbose cli   '/usr/local/bin/npm',
1 verbose cli   'install',
1 verbose cli   'childprocess',
1 verbose cli   '--save-dev' ]
2 info using npm@1.4.28
3 info using node@v0.10.36
4 warn package.json workspace-gulpdemo@1.0.0 No repository field.
5 verbose readDependencies using package.json deps
6 verbose cache add [ 'childprocess', null ]
7 verbose cache add name=undefined spec="childprocess" args=["childprocess",null]
8 verbose parsed url { protocol: null,
8 verbose parsed url   slashes: null,
8 verbose parsed url   auth: null,
8 verbose parsed url   host: null,
8 verbose parsed url   port: null,
8 verbose parsed url   hostname: null,
8 verbose parsed url   hash: null,
8 verbose parsed url   search: null,
8 verbose parsed url   query: null,
8 verbose parsed url   pathname: 'childprocess',
8 verbose parsed url   path: 'childprocess',
8 verbose parsed url   href: 'childprocess' }
9 silly lockFile 8e968685-childprocess childprocess
10 verbose lock childprocess /Users/paul/.npm/8e968685-childprocess.lock
11 silly lockFile 8e968685-childprocess childprocess
12 silly lockFile 8e968685-childprocess childprocess
13 verbose addNamed [ 'childprocess', '' ]
14 verbose addNamed [ null, '*' ]
15 silly lockFile 579f2dd2-childprocess childprocess@
16 verbose lock childprocess@ /Users/paul/.npm/579f2dd2-childprocess.lock
17 silly addNameRange { name: 'childprocess', range: '*', hasData: false }
18 verbose request where is /childprocess
19 verbose request registry https://registry.npmjs.org/
20 verbose request id 15fb3913d87e2b60
21 verbose url raw /childprocess
22 verbose url resolving [ 'https://registry.npmjs.org/', './childprocess' ]
23 verbose url resolved https://registry.npmjs.org/childprocess
24 verbose request where is https://registry.npmjs.org/childprocess
25 info trying registry request attempt 1 at 16:17:33
26 http GET https://registry.npmjs.org/childprocess
27 http 404 https://registry.npmjs.org/childprocess
28 verbose headers { date: 'Thu, 19 Mar 2015 21:17:34 GMT',
28 verbose headers   server: 'CouchDB/1.5.0 (Erlang OTP/R16B03)',
28 verbose headers   'content-type': 'application/json',
28 verbose headers   'cache-control': 'max-age=0',
28 verbose headers   'content-length': '51',
28 verbose headers   'accept-ranges': 'bytes',
28 verbose headers   via: '1.1 varnish',
28 verbose headers   age: '0',
28 verbose headers   'x-served-by': 'cache-atl6226-ATL',
28 verbose headers   'x-cache': 'MISS',
28 verbose headers   'x-cache-hits': '0',
28 verbose headers   'x-timer': 'S1426799854.484545,VS0,VE80',
28 verbose headers   'keep-alive': 'timeout=10, max=50',
28 verbose headers   connection: 'Keep-Alive' }
29 silly registry.get cb [ 404,
29 silly registry.get   { date: 'Thu, 19 Mar 2015 21:17:34 GMT',
29 silly registry.get     server: 'CouchDB/1.5.0 (Erlang OTP/R16B03)',
29 silly registry.get     'content-type': 'application/json',
29 silly registry.get     'cache-control': 'max-age=0',
29 silly registry.get     'content-length': '51',
29 silly registry.get     'accept-ranges': 'bytes',
29 silly registry.get     via: '1.1 varnish',
29 silly registry.get     age: '0',
29 silly registry.get     'x-served-by': 'cache-atl6226-ATL',
29 silly registry.get     'x-cache': 'MISS',
29 silly registry.get     'x-cache-hits': '0',
29 silly registry.get     'x-timer': 'S1426799854.484545,VS0,VE80',
29 silly registry.get     'keep-alive': 'timeout=10, max=50',
29 silly registry.get     connection: 'Keep-Alive' } ]
30 silly lockFile 579f2dd2-childprocess childprocess@
31 silly lockFile 579f2dd2-childprocess childprocess@
32 error 404 404 Not Found: childprocess
32 error 404
32 error 404 'childprocess' is not in the npm registry.
32 error 404 You should bug the author to publish it
32 error 404 It was specified as a dependency of 'workspace-gulpdemo'
32 error 404
32 error 404 Note that you can also install from a
32 error 404 tarball, folder, or http url, or git url.
33 error System Darwin 13.4.0
34 error command "node" "/usr/local/bin/npm" "install" "childprocess" "--save-dev"
35 error cwd /Users/paul/workspace-gulpdemo
36 error node -v v0.10.36
37 error npm -v 1.4.28
38 error code E404
39 verbose exit [ 1, true ]
